<?xml version="1.0" encoding="UTF-8"?>
<testsuite name="powerpackage.powerTest" tests="4" skipped="0" failures="0" errors="0" timestamp="2023-10-08T19:26:45" hostname="SHREYASKARSPC" time="0.036">
  <properties/>
  <testcase name="oneRaisedToOneIsOne()" classname="powerpackage.powerTest" time="0.03"/>
  <testcase name="twoRaisedToTwoIsFour()" classname="powerpackage.powerTest" time="0.002"/>
  <testcase name="twoRaisedToOneIsTwo()" classname="powerpackage.powerTest" time="0.001"/>
  <testcase name="threeRaisedToTwoIsNine()" classname="powerpackage.powerTest" time="0.0"/>
  <system-out><![CDATA[]]></system-out>
  <system-err><![CDATA[]]></system-err>
</testsuite>
